Release 14.7 - xst P.20131013 (nt64)
Copyright (c) 1995-2013 Xilinx, Inc.  All rights reserved.
--> Parameter TMPDIR set to xst/projnav.tmp


Total REAL time to Xst completion: 1.00 secs
Total CPU time to Xst completion: 0.21 secs
 
--> Parameter xsthdpdir set to xst


Total REAL time to Xst completion: 1.00 secs
Total CPU time to Xst completion: 0.21 secs
 
--> Reading design: ALU.prj

TABLE OF CONTENTS
  1) Synthesis Options Summary
  2) HDL Parsing
  3) HDL Elaboration
  4) HDL Synthesis
       4.1) HDL Synthesis Report
  5) Advanced HDL Synthesis
       5.1) Advanced HDL Synthesis Report
  6) Low Level Synthesis
  7) Partition Report
  8) Design Summary
       8.1) Primitive and Black Box Usage
       8.2) Device utilization summary
       8.3) Partition Resource Summary
       8.4) Timing Report
            8.4.1) Clock Information
            8.4.2) Asynchronous Control Signals Information
            8.4.3) Timing Summary
            8.4.4) Timing Details
            8.4.5) Cross Clock Domains Report


=========================================================================
*                      Synthesis Options Summary                        *
=========================================================================
---- Source Parameters
Input File Name                    : "ALU.prj"
Ignore Synthesis Constraint File   : NO

---- Target Parameters
Output File Name                   : "ALU"
Output Format                      : NGC
Target Device                      : xa7a100t-2I-csg324

---- Source Options
Top Module Name                    : ALU
Automatic FSM Extraction           : YES
FSM Encoding Algorithm             : Auto
Safe Implementation                : No
FSM Style                          : LUT
RAM Extraction                     : Yes
RAM Style                          : Auto
ROM Extraction                     : Yes
Shift Register Extraction          : YES
ROM Style                          : Auto
Resource Sharing                   : YES
Asynchronous To Synchronous        : NO
Shift Register Minimum Size        : 2
Use DSP Block                      : Auto
Automatic Register Balancing       : No

---- Target Options
LUT Combining                      : Auto
Reduce Control Sets                : Auto
Add IO Buffers                     : YES
Global Maximum Fanout              : 100000
Add Generic Clock Buffer(BUFG)     : 32
Register Duplication               : YES
Optimize Instantiated Primitives   : NO
Use Clock Enable                   : Auto
Use Synchronous Set                : Auto
Use Synchronous Reset              : Auto
Pack IO Registers into IOBs        : Auto
Equivalent register Removal        : YES

---- General Options
Optimization Goal                  : Speed
Optimization Effort                : 1
Power Reduction                    : NO
Keep Hierarchy                     : No
Netlist Hierarchy                  : As_Optimized
RTL Output                         : Yes
Global Optimization                : AllClockNets
Read Cores                         : YES
Write Timing Constraints           : NO
Cross Clock Analysis               : NO
Hierarchy Separator                : /
Bus Delimiter                      : <>
Case Specifier                     : Maintain
Slice Utilization Ratio            : 100
BRAM Utilization Ratio             : 100
DSP48 Utilization Ratio            : 100
Auto BRAM Packing                  : NO
Slice Utilization Ratio Delta      : 5

=========================================================================


=========================================================================
*                          HDL Parsing                                  *
=========================================================================
Parsing VHDL file "C:\Users\shaur\Eight-bit_CPU\ALU.vhd" into library work
Parsing entity <ALU>.
Parsing architecture <Behavioral> of entity <alu>.

=========================================================================
*                            HDL Elaboration                            *
=========================================================================

Elaborating entity <ALU> (architecture <Behavioral>) from library <work>.
INFO:HDLCompiler:679 - "C:\Users\shaur\Eight-bit_CPU\ALU.vhd" Line 56. Case statement is complete. others clause is never selected

=========================================================================
*                           HDL Synthesis                               *
=========================================================================

Synthesizing Unit <ALU>.
    Related source file is "C:\Users\shaur\Eight-bit_CPU\ALU.vhd".
    Found 8-bit adder for signal <rs[7]_rt[7]_add_2_OUT> created at line 53.
    Found 8-bit subtractor for signal <GND_5_o_GND_5_o_sub_4_OUT<7:0>> created at line 55.
    Found 8-bit 4-to-1 multiplexer for signal <rd> created at line 47.
    Summary:
	inferred   1 Adder/Subtractor(s).
	inferred   2 Multiplexer(s).
Unit <ALU> synthesized.

=========================================================================
HDL Synthesis Report

Macro Statistics
# Adders/Subtractors                                   : 1
 8-bit addsub                                          : 1
# Multiplexers                                         : 2
 8-bit 2-to-1 multiplexer                              : 2

=========================================================================
INFO:Xst:1767 - HDL ADVISOR - Resource sharing has identified that some arithmetic operations in this design can share the same physical resources for reduced device utilization. For improved clock frequency you may try to disable resource sharing.

=========================================================================
*                       Advanced HDL Synthesis                          *
=========================================================================

WARNING:Xst - The specified part-type was not generated at build time. XST is loading the full part-type and will therefore consume more CPU and memory.
Loading device for application Rf_Device from file '7a100t.nph' in environment C:\Xilinx\14.7\ISE_DS\ISE\.
Loading device for application Rf_Device from file '7a100t.nph' in environment C:\Xilinx\14.7\ISE_DS\ISE\.

=========================================================================
Advanced HDL Synthesis Report

Macro Statistics
# Adders/Subtractors                                   : 1
 8-bit addsub                                          : 1
# Multiplexers                                         : 2
 8-bit 2-to-1 multiplexer                              : 2

=========================================================================

=========================================================================
*                         Low Level Synthesis                           *
=========================================================================

Optimizing unit <ALU> ...

Mapping all equations...
Building and optimizing final netlist ...
Found area constraint ratio of 100 (+ 5) on block ALU, actual ratio is 0.

Final Macro Processing ...

=========================================================================
Final Register Report

Found no macro
=========================================================================

=========================================================================
*                           Partition Report                            *
=========================================================================

Partition Implementation Status
-------------------------------

  No Partitions were found in this design.

-------------------------------

=========================================================================
*                            Design Summary                             *
=========================================================================

Top Level Output File Name         : ALU.ngc

Primitive and Black Box Usage:
------------------------------
# BELS                             : 31
#      LUT3                        : 8
#      LUT5                        : 8
#      MUXCY                       : 7
#      XORCY                       : 8
# IO Buffers                       : 26
#      IBUF                        : 18
#      OBUF                        : 8

Device utilization summary:
---------------------------

Selected Device : xa7a100tcsg324-2i 


Slice Logic Utilization: 
 Number of Slice LUTs:                   16  out of  63400     0%  
    Number used as Logic:                16  out of  63400     0%  

Slice Logic Distribution: 
 Number of LUT Flip Flop pairs used:     16
   Number with an unused Flip Flop:      16  out of     16   100%  
   Number with an unused LUT:             0  out of     16     0%  
   Number of fully used LUT-FF pairs:     0  out of     16     0%  
   Number of unique control sets:         0

IO Utilization: 
 Number of IOs:                          26
 Number of bonded IOBs:                  26  out of    210    12%  

Specific Feature Utilization:

---------------------------
Partition Resource Summary:
---------------------------

  No Partitions were found in this design.

---------------------------


=========================================================================
Timing Report

NOTE: THESE TIMING NUMBERS ARE ONLY A SYNTHESIS ESTIMATE.
      FOR ACCURATE TIMING INFORMATION PLEASE REFER TO THE TRACE REPORT
      GENERATED AFTER PLACE-and-ROUTE.

Clock Information:
------------------
No clock signals found in this design

Asynchronous Control Signals Information:
----------------------------------------
No asynchronous control signals found in this design

Timing Summary:
---------------
Speed Grade: -2

   Minimum period: No path found
   Minimum input arrival time before clock: No path found
   Maximum output required time after clock: No path found
   Maximum combinational path delay: 2.327ns

Timing Details:
---------------
All values displayed in nanoseconds (ns)

=========================================================================
Timing constraint: Default path analysis
  Total number of paths / destination ports: 176 / 8
-------------------------------------------------------------------------
Delay:               2.327ns (Levels of Logic = 12)
  Source:            rs<0> (PAD)
  Destination:       rd<7> (PAD)

  Data Path: rs<0> to rd<7>
                                Gate     Net
    Cell:in->out      fanout   Delay   Delay  Logical Name (Net Name)
    ----------------------------------------  ------------
     IBUF:I->O             2   0.001   0.576  rs_0_IBUF (rs_0_IBUF)
     LUT3:I0->O            1   0.097   0.000  Mmux_rd2_rs_lut<0> (Mmux_rd2_rs_lut<0>)
     MUXCY:S->O            1   0.353   0.000  Mmux_rd2_rs_cy<0> (Mmux_rd2_rs_cy<0>)
     MUXCY:CI->O           1   0.023   0.000  Mmux_rd2_rs_cy<1> (Mmux_rd2_rs_cy<1>)
     MUXCY:CI->O           1   0.023   0.000  Mmux_rd2_rs_cy<2> (Mmux_rd2_rs_cy<2>)
     MUXCY:CI->O           1   0.023   0.000  Mmux_rd2_rs_cy<3> (Mmux_rd2_rs_cy<3>)
     MUXCY:CI->O           1   0.023   0.000  Mmux_rd2_rs_cy<4> (Mmux_rd2_rs_cy<4>)
     MUXCY:CI->O           1   0.023   0.000  Mmux_rd2_rs_cy<5> (Mmux_rd2_rs_cy<5>)
     MUXCY:CI->O           0   0.023   0.000  Mmux_rd2_rs_cy<6> (Mmux_rd2_rs_cy<6>)
     XORCY:CI->O           1   0.370   0.355  Mmux_rd2_rs_xor<7> (Mmux_rd2_split<7>)
     LUT5:I4->O            1   0.097   0.339  Mmux_rd381 (rd_7_OBUF)
     OBUF:I->O                 0.000          rd_7_OBUF (rd<7>)
    ----------------------------------------
    Total                      2.327ns (1.056ns logic, 1.271ns route)
                                       (45.4% logic, 54.6% route)

=========================================================================

Cross Clock Domains Report:
--------------------------

=========================================================================


Total REAL time to Xst completion: 28.00 secs
Total CPU time to Xst completion: 27.44 secs
 
--> 

Total memory usage is 4995320 kilobytes

Number of errors   :    0 (   0 filtered)
Number of warnings :    1 (   0 filtered)
Number of infos    :    1 (   0 filtered)

