Release 14.7 - xst P.20131013 (nt64)
Copyright (c) 1995-2013 Xilinx, Inc.  All rights reserved.
--> Parameter TMPDIR set to xst/projnav.tmp


Total REAL time to Xst completion: 0.00 secs
Total CPU time to Xst completion: 0.10 secs
 
--> Parameter xsthdpdir set to xst


Total REAL time to Xst completion: 0.00 secs
Total CPU time to Xst completion: 0.10 secs
 
--> Reading design: processor.prj

TABLE OF CONTENTS
  1) Synthesis Options Summary
  2) HDL Parsing
  3) HDL Elaboration
  4) HDL Synthesis
       4.1) HDL Synthesis Report
  5) Advanced HDL Synthesis
       5.1) Advanced HDL Synthesis Report
  6) Low Level Synthesis
  7) Partition Report
  8) Design Summary
       8.1) Primitive and Black Box Usage
       8.2) Device utilization summary
       8.3) Partition Resource Summary
       8.4) Timing Report
            8.4.1) Clock Information
            8.4.2) Asynchronous Control Signals Information
            8.4.3) Timing Summary
            8.4.4) Timing Details
            8.4.5) Cross Clock Domains Report


=========================================================================
*                      Synthesis Options Summary                        *
=========================================================================
---- Source Parameters
Input File Name                    : "processor.prj"
Ignore Synthesis Constraint File   : NO

---- Target Parameters
Output File Name                   : "processor"
Output Format                      : NGC
Target Device                      : xa7a100t-2I-csg324

---- Source Options
Top Module Name                    : processor
Automatic FSM Extraction           : YES
FSM Encoding Algorithm             : Auto
Safe Implementation                : No
FSM Style                          : LUT
RAM Extraction                     : Yes
RAM Style                          : Auto
ROM Extraction                     : Yes
Shift Register Extraction          : YES
ROM Style                          : Auto
Resource Sharing                   : YES
Asynchronous To Synchronous        : NO
Shift Register Minimum Size        : 2
Use DSP Block                      : Auto
Automatic Register Balancing       : No

---- Target Options
LUT Combining                      : Auto
Reduce Control Sets                : Auto
Add IO Buffers                     : YES
Global Maximum Fanout              : 100000
Add Generic Clock Buffer(BUFG)     : 32
Register Duplication               : YES
Optimize Instantiated Primitives   : NO
Use Clock Enable                   : Auto
Use Synchronous Set                : Auto
Use Synchronous Reset              : Auto
Pack IO Registers into IOBs        : Auto
Equivalent register Removal        : YES

---- General Options
Optimization Goal                  : Speed
Optimization Effort                : 1
Power Reduction                    : NO
Keep Hierarchy                     : No
Netlist Hierarchy                  : As_Optimized
RTL Output                         : Yes
Global Optimization                : AllClockNets
Read Cores                         : YES
Write Timing Constraints           : NO
Cross Clock Analysis               : NO
Hierarchy Separator                : /
Bus Delimiter                      : <>
Case Specifier                     : Maintain
Slice Utilization Ratio            : 100
BRAM Utilization Ratio             : 100
DSP48 Utilization Ratio            : 100
Auto BRAM Packing                  : NO
Slice Utilization Ratio Delta      : 5

=========================================================================


=========================================================================
*                          HDL Parsing                                  *
=========================================================================
Parsing VHDL file "C:\Users\shaur\OneDrive - Umich\Eight-bit_CPU\Register_File.vhd" into library work
Parsing entity <Register_File>.
Parsing architecture <Behavioral> of entity <register_file>.
Parsing VHDL file "C:\Users\shaur\OneDrive - Umich\Eight-bit_CPU\ProgramCounter.vhd" into library work
Parsing entity <ProgramCounter>.
Parsing architecture <Behavioral> of entity <programcounter>.
Parsing VHDL file "C:\Users\shaur\OneDrive - Umich\Eight-bit_CPU\InstructionMemory.vhd" into library work
Parsing entity <InstructionMemory>.
Parsing architecture <Behavioral> of entity <instructionmemory>.
Parsing VHDL file "C:\Users\shaur\OneDrive - Umich\Eight-bit_CPU\CU.vhd" into library work
Parsing entity <CU>.
Parsing architecture <Behavioral> of entity <cu>.
Parsing VHDL file "C:\Users\shaur\OneDrive - Umich\Eight-bit_CPU\ALU.vhd" into library work
Parsing entity <ALU>.
Parsing architecture <Behavioral> of entity <alu>.
Parsing VHDL file "C:\Users\shaur\OneDrive - Umich\Eight-bit_CPU\processor.vhd" into library work
Parsing entity <processor>.
Parsing architecture <Behavioral> of entity <processor>.

=========================================================================
*                            HDL Elaboration                            *
=========================================================================

Elaborating entity <processor> (architecture <Behavioral>) from library <work>.

Elaborating entity <ProgramCounter> (architecture <Behavioral>) from library <work>.

Elaborating entity <InstructionMemory> (architecture <Behavioral>) from library <work>.
WARNING:HDLCompiler:871 - "C:\Users\shaur\OneDrive - Umich\Eight-bit_CPU\InstructionMemory.vhd" Line 43: Using initial value ("01001101","00001101","10001101","11001101","01001101","00001101","10001101","11001101") for temporary_memory since it is never assigned
WARNING:HDLCompiler:92 - "C:\Users\shaur\OneDrive - Umich\Eight-bit_CPU\InstructionMemory.vhd" Line 57: temporary_memory should be on the sensitivity list of the process
WARNING:HDLCompiler:92 - "C:\Users\shaur\OneDrive - Umich\Eight-bit_CPU\InstructionMemory.vhd" Line 59: temporary_memory should be on the sensitivity list of the process
WARNING:HDLCompiler:92 - "C:\Users\shaur\OneDrive - Umich\Eight-bit_CPU\InstructionMemory.vhd" Line 61: temporary_memory should be on the sensitivity list of the process
WARNING:HDLCompiler:92 - "C:\Users\shaur\OneDrive - Umich\Eight-bit_CPU\InstructionMemory.vhd" Line 63: temporary_memory should be on the sensitivity list of the process
WARNING:HDLCompiler:92 - "C:\Users\shaur\OneDrive - Umich\Eight-bit_CPU\InstructionMemory.vhd" Line 65: temporary_memory should be on the sensitivity list of the process
WARNING:HDLCompiler:92 - "C:\Users\shaur\OneDrive - Umich\Eight-bit_CPU\InstructionMemory.vhd" Line 67: temporary_memory should be on the sensitivity list of the process
WARNING:HDLCompiler:92 - "C:\Users\shaur\OneDrive - Umich\Eight-bit_CPU\InstructionMemory.vhd" Line 69: temporary_memory should be on the sensitivity list of the process
WARNING:HDLCompiler:92 - "C:\Users\shaur\OneDrive - Umich\Eight-bit_CPU\InstructionMemory.vhd" Line 71: temporary_memory should be on the sensitivity list of the process
INFO:HDLCompiler:679 - "C:\Users\shaur\OneDrive - Umich\Eight-bit_CPU\InstructionMemory.vhd" Line 72. Case statement is complete. others clause is never selected

Elaborating entity <CU> (architecture <Behavioral>) from library <work>.

Elaborating entity <Register_File> (architecture <Behavioral>) from library <work>.
INFO:HDLCompiler:679 - "C:\Users\shaur\OneDrive - Umich\Eight-bit_CPU\Register_File.vhd" Line 72. Case statement is complete. others clause is never selected
INFO:HDLCompiler:679 - "C:\Users\shaur\OneDrive - Umich\Eight-bit_CPU\Register_File.vhd" Line 85. Case statement is complete. others clause is never selected
INFO:HDLCompiler:679 - "C:\Users\shaur\OneDrive - Umich\Eight-bit_CPU\Register_File.vhd" Line 100. Case statement is complete. others clause is never selected

Elaborating entity <ALU> (architecture <Behavioral>) from library <work>.
INFO:HDLCompiler:679 - "C:\Users\shaur\OneDrive - Umich\Eight-bit_CPU\ALU.vhd" Line 57. Case statement is complete. others clause is never selected

=========================================================================
*                           HDL Synthesis                               *
=========================================================================

Synthesizing Unit <processor>.
    Related source file is "C:\Users\shaur\OneDrive - Umich\Eight-bit_CPU\processor.vhd".
    Summary:
	no macro.
Unit <processor> synthesized.

Synthesizing Unit <ProgramCounter>.
    Related source file is "C:\Users\shaur\OneDrive - Umich\Eight-bit_CPU\ProgramCounter.vhd".
    Found 3-bit register for signal <count>.
    Found 3-bit adder for signal <count[2]_GND_5_o_add_0_OUT> created at line 1241.
    Summary:
	inferred   1 Adder/Subtractor(s).
	inferred   3 D-type flip-flop(s).
Unit <ProgramCounter> synthesized.

Synthesizing Unit <InstructionMemory>.
    Related source file is "C:\Users\shaur\OneDrive - Umich\Eight-bit_CPU\InstructionMemory.vhd".
    Found 8x8-bit Read Only RAM for signal <Instruction>
    Summary:
	inferred   1 RAM(s).
Unit <InstructionMemory> synthesized.

Synthesizing Unit <CU>.
    Related source file is "C:\Users\shaur\OneDrive - Umich\Eight-bit_CPU\CU.vhd".
    Summary:
	no macro.
Unit <CU> synthesized.

Synthesizing Unit <Register_File>.
    Related source file is "C:\Users\shaur\OneDrive - Umich\Eight-bit_CPU\Register_File.vhd".
    Found 8-bit register for signal <RF_rs_content>.
    Found 8-bit register for signal <RF_rt_content>.
    Found 8-bit register for signal <temporary_registers<0>>.
    Found 8-bit register for signal <temporary_registers<1>>.
    Found 8-bit register for signal <temporary_registers<2>>.
    Found 8-bit register for signal <temporary_registers<3>>.
    Found 1-bit register for signal <write_cycle>.
    Found 8-bit 4-to-1 multiplexer for signal <RF_rs[1]_temporary_registers[3][7]_wide_mux_0_OUT> created at line 63.
    Found 8-bit 4-to-1 multiplexer for signal <RF_rt[1]_temporary_registers[3][7]_wide_mux_1_OUT> created at line 76.
    Summary:
	inferred  49 D-type flip-flop(s).
	inferred   2 Multiplexer(s).
Unit <Register_File> synthesized.

Synthesizing Unit <ALU>.
    Related source file is "C:\Users\shaur\OneDrive - Umich\Eight-bit_CPU\ALU.vhd".
    Found 8-bit adder for signal <Rs[7]_Rt[7]_add_2_OUT> created at line 54.
    Found 8-bit subtractor for signal <GND_11_o_GND_11_o_sub_4_OUT<7:0>> created at line 56.
    Found 8-bit 4-to-1 multiplexer for signal <Rd> created at line 48.
    Summary:
	inferred   1 Adder/Subtractor(s).
	inferred   2 Multiplexer(s).
Unit <ALU> synthesized.

=========================================================================
HDL Synthesis Report

Macro Statistics
# RAMs                                                 : 1
 8x8-bit single-port Read Only RAM                     : 1
# Adders/Subtractors                                   : 2
 3-bit adder                                           : 1
 8-bit addsub                                          : 1
# Registers                                            : 8
 1-bit register                                        : 1
 3-bit register                                        : 1
 8-bit register                                        : 6
# Multiplexers                                         : 4
 8-bit 2-to-1 multiplexer                              : 2
 8-bit 4-to-1 multiplexer                              : 2

=========================================================================
INFO:Xst:1767 - HDL ADVISOR - Resource sharing has identified that some arithmetic operations in this design can share the same physical resources for reduced device utilization. For improved clock frequency you may try to disable resource sharing.

=========================================================================
*                       Advanced HDL Synthesis                          *
=========================================================================

WARNING:Xst - The specified part-type was not generated at build time. XST is loading the full part-type and will therefore consume more CPU and memory.
Loading device for application Rf_Device from file '7a100t.nph' in environment C:\Xilinx\14.7\ISE_DS\ISE\.
Loading device for application Rf_Device from file '7a100t.nph' in environment C:\Xilinx\14.7\ISE_DS\ISE\.

Synthesizing (advanced) Unit <InstructionMemory>.
INFO:Xst:3218 - HDL ADVISOR - The RAM <Mram_Instruction> will be implemented on LUTs either because you have described an asynchronous read or because of currently unsupported block RAM features. If you have described an asynchronous read, making it synchronous would allow you to take advantage of available block RAM resources, for optimized device usage and improved timings. Please refer to your documentation for coding guidelines.
    -----------------------------------------------------------------------
    | ram_type           | Distributed                         |          |
    -----------------------------------------------------------------------
    | Port A                                                              |
    |     aspect ratio   | 8-word x 8-bit                      |          |
    |     weA            | connected to signal <GND>           | high     |
    |     addrA          | connected to signal <Instruction_Address> |          |
    |     diA            | connected to signal <GND>           |          |
    |     doA            | connected to signal <Instruction>   |          |
    -----------------------------------------------------------------------
Unit <InstructionMemory> synthesized (advanced).

Synthesizing (advanced) Unit <ProgramCounter>.
The following registers are absorbed into counter <count>: 1 register on signal <count>.
Unit <ProgramCounter> synthesized (advanced).

=========================================================================
Advanced HDL Synthesis Report

Macro Statistics
# RAMs                                                 : 1
 8x8-bit single-port distributed Read Only RAM         : 1
# Adders/Subtractors                                   : 1
 8-bit addsub                                          : 1
# Counters                                             : 1
 3-bit up counter                                      : 1
# Registers                                            : 49
 Flip-Flops                                            : 49
# Multiplexers                                         : 18
 1-bit 4-to-1 multiplexer                              : 16
 8-bit 2-to-1 multiplexer                              : 2

=========================================================================

=========================================================================
*                         Low Level Synthesis                           *
=========================================================================
WARNING:Xst:2677 - Node <program_counter/count_2> of sequential type is unconnected in block <processor>.

Optimizing unit <processor> ...

Optimizing unit <Register_File> ...

Optimizing unit <ALU> ...
WARNING:Xst:1293 - FF/Latch <register_file/temporary_registers_2_0> has a constant value of 1 in block <processor>. This FF/Latch will be trimmed during the optimization process.
WARNING:Xst:1896 - Due to other FF/Latch trimming, FF/Latch <register_file/temporary_registers_2_1> has a constant value of 0 in block <processor>. This FF/Latch will be trimmed during the optimization process.
WARNING:Xst:1896 - Due to other FF/Latch trimming, FF/Latch <register_file/temporary_registers_2_2> has a constant value of 1 in block <processor>. This FF/Latch will be trimmed during the optimization process.
WARNING:Xst:1896 - Due to other FF/Latch trimming, FF/Latch <register_file/temporary_registers_2_3> has a constant value of 1 in block <processor>. This FF/Latch will be trimmed during the optimization process.
WARNING:Xst:1896 - Due to other FF/Latch trimming, FF/Latch <register_file/temporary_registers_2_4> has a constant value of 0 in block <processor>. This FF/Latch will be trimmed during the optimization process.
WARNING:Xst:1896 - Due to other FF/Latch trimming, FF/Latch <register_file/temporary_registers_2_5> has a constant value of 1 in block <processor>. This FF/Latch will be trimmed during the optimization process.
WARNING:Xst:1896 - Due to other FF/Latch trimming, FF/Latch <register_file/temporary_registers_2_6> has a constant value of 1 in block <processor>. This FF/Latch will be trimmed during the optimization process.
WARNING:Xst:1896 - Due to other FF/Latch trimming, FF/Latch <register_file/temporary_registers_2_7> has a constant value of 0 in block <processor>. This FF/Latch will be trimmed during the optimization process.
WARNING:Xst:1896 - Due to other FF/Latch trimming, FF/Latch <register_file/temporary_registers_0_0> has a constant value of 1 in block <processor>. This FF/Latch will be trimmed during the optimization process.
WARNING:Xst:1896 - Due to other FF/Latch trimming, FF/Latch <register_file/temporary_registers_0_1> has a constant value of 0 in block <processor>. This FF/Latch will be trimmed during the optimization process.
WARNING:Xst:1896 - Due to other FF/Latch trimming, FF/Latch <register_file/temporary_registers_0_2> has a constant value of 1 in block <processor>. This FF/Latch will be trimmed during the optimization process.
WARNING:Xst:1896 - Due to other FF/Latch trimming, FF/Latch <register_file/temporary_registers_0_3> has a constant value of 1 in block <processor>. This FF/Latch will be trimmed during the optimization process.
WARNING:Xst:1896 - Due to other FF/Latch trimming, FF/Latch <register_file/temporary_registers_0_4> has a constant value of 0 in block <processor>. This FF/Latch will be trimmed during the optimization process.
WARNING:Xst:1896 - Due to other FF/Latch trimming, FF/Latch <register_file/temporary_registers_0_5> has a constant value of 0 in block <processor>. This FF/Latch will be trimmed during the optimization process.
WARNING:Xst:1896 - Due to other FF/Latch trimming, FF/Latch <register_file/temporary_registers_0_6> has a constant value of 1 in block <processor>. This FF/Latch will be trimmed during the optimization process.
WARNING:Xst:1896 - Due to other FF/Latch trimming, FF/Latch <register_file/temporary_registers_0_7> has a constant value of 0 in block <processor>. This FF/Latch will be trimmed during the optimization process.
WARNING:Xst:1895 - Due to other FF/Latch trimming, FF/Latch <register_file/RF_rt_content_7> (without init value) has a constant value of 0 in block <processor>. This FF/Latch will be trimmed during the optimization process.
WARNING:Xst:1895 - Due to other FF/Latch trimming, FF/Latch <register_file/RF_rs_content_7> (without init value) has a constant value of 0 in block <processor>. This FF/Latch will be trimmed during the optimization process.
WARNING:Xst:1895 - Due to other FF/Latch trimming, FF/Latch <register_file/RF_rs_content_6> (without init value) has a constant value of 1 in block <processor>. This FF/Latch will be trimmed during the optimization process.
WARNING:Xst:1895 - Due to other FF/Latch trimming, FF/Latch <register_file/RF_rs_content_5> (without init value) has a constant value of 0 in block <processor>. This FF/Latch will be trimmed during the optimization process.
WARNING:Xst:1895 - Due to other FF/Latch trimming, FF/Latch <register_file/RF_rs_content_4> (without init value) has a constant value of 0 in block <processor>. This FF/Latch will be trimmed during the optimization process.
WARNING:Xst:1895 - Due to other FF/Latch trimming, FF/Latch <register_file/RF_rs_content_3> (without init value) has a constant value of 1 in block <processor>. This FF/Latch will be trimmed during the optimization process.
WARNING:Xst:1895 - Due to other FF/Latch trimming, FF/Latch <register_file/RF_rs_content_2> (without init value) has a constant value of 1 in block <processor>. This FF/Latch will be trimmed during the optimization process.
WARNING:Xst:1895 - Due to other FF/Latch trimming, FF/Latch <register_file/RF_rs_content_1> (without init value) has a constant value of 0 in block <processor>. This FF/Latch will be trimmed during the optimization process.
WARNING:Xst:1895 - Due to other FF/Latch trimming, FF/Latch <register_file/RF_rs_content_0> (without init value) has a constant value of 1 in block <processor>. This FF/Latch will be trimmed during the optimization process.
WARNING:Xst:1896 - Due to other FF/Latch trimming, FF/Latch <register_file/temporary_registers_3_7> has a constant value of 0 in block <processor>. This FF/Latch will be trimmed during the optimization process.
WARNING:Xst:1896 - Due to other FF/Latch trimming, FF/Latch <register_file/temporary_registers_3_6> has a constant value of 0 in block <processor>. This FF/Latch will be trimmed during the optimization process.
WARNING:Xst:1896 - Due to other FF/Latch trimming, FF/Latch <register_file/temporary_registers_3_5> has a constant value of 1 in block <processor>. This FF/Latch will be trimmed during the optimization process.
WARNING:Xst:1896 - Due to other FF/Latch trimming, FF/Latch <register_file/temporary_registers_3_4> has a constant value of 0 in block <processor>. This FF/Latch will be trimmed during the optimization process.
WARNING:Xst:1896 - Due to other FF/Latch trimming, FF/Latch <register_file/temporary_registers_3_3> has a constant value of 1 in block <processor>. This FF/Latch will be trimmed during the optimization process.
WARNING:Xst:1896 - Due to other FF/Latch trimming, FF/Latch <register_file/temporary_registers_3_2> has a constant value of 0 in block <processor>. This FF/Latch will be trimmed during the optimization process.
WARNING:Xst:1896 - Due to other FF/Latch trimming, FF/Latch <register_file/temporary_registers_3_1> has a constant value of 0 in block <processor>. This FF/Latch will be trimmed during the optimization process.
WARNING:Xst:1896 - Due to other FF/Latch trimming, FF/Latch <register_file/temporary_registers_3_0> has a constant value of 1 in block <processor>. This FF/Latch will be trimmed during the optimization process.
WARNING:Xst:1898 - Due to constant pushing, FF/Latch <register_file/temporary_registers_1_6> is unconnected in block <processor>.
WARNING:Xst:1898 - Due to constant pushing, FF/Latch <register_file/temporary_registers_1_5> is unconnected in block <processor>.
WARNING:Xst:1898 - Due to constant pushing, FF/Latch <register_file/temporary_registers_1_4> is unconnected in block <processor>.
WARNING:Xst:1898 - Due to constant pushing, FF/Latch <register_file/temporary_registers_1_3> is unconnected in block <processor>.
WARNING:Xst:1898 - Due to constant pushing, FF/Latch <register_file/temporary_registers_1_2> is unconnected in block <processor>.
WARNING:Xst:1898 - Due to constant pushing, FF/Latch <register_file/temporary_registers_1_0> is unconnected in block <processor>.
WARNING:Xst:1898 - Due to constant pushing, FF/Latch <register_file/temporary_registers_1_7> is unconnected in block <processor>.
WARNING:Xst:1898 - Due to constant pushing, FF/Latch <register_file/temporary_registers_1_1> is unconnected in block <processor>.
WARNING:Xst:1710 - FF/Latch <register_file/RF_rt_content_6> (without init value) has a constant value of 0 in block <processor>. This FF/Latch will be trimmed during the optimization process.
WARNING:Xst:1895 - Due to other FF/Latch trimming, FF/Latch <register_file/RF_rt_content_5> (without init value) has a constant value of 1 in block <processor>. This FF/Latch will be trimmed during the optimization process.
WARNING:Xst:1895 - Due to other FF/Latch trimming, FF/Latch <register_file/RF_rt_content_4> (without init value) has a constant value of 0 in block <processor>. This FF/Latch will be trimmed during the optimization process.
WARNING:Xst:1895 - Due to other FF/Latch trimming, FF/Latch <register_file/RF_rt_content_3> (without init value) has a constant value of 1 in block <processor>. This FF/Latch will be trimmed during the optimization process.
WARNING:Xst:1895 - Due to other FF/Latch trimming, FF/Latch <register_file/RF_rt_content_2> (without init value) has a constant value of 0 in block <processor>. This FF/Latch will be trimmed during the optimization process.
WARNING:Xst:1895 - Due to other FF/Latch trimming, FF/Latch <register_file/RF_rt_content_1> (without init value) has a constant value of 0 in block <processor>. This FF/Latch will be trimmed during the optimization process.
WARNING:Xst:1895 - Due to other FF/Latch trimming, FF/Latch <register_file/RF_rt_content_0> (without init value) has a constant value of 1 in block <processor>. This FF/Latch will be trimmed during the optimization process.
WARNING:Xst:2677 - Node <register_file/write_cycle> of sequential type is unconnected in block <processor>.

Mapping all equations...
Building and optimizing final netlist ...
Found area constraint ratio of 100 (+ 5) on block processor, actual ratio is 0.

Final Macro Processing ...

=========================================================================
Final Register Report

Macro Statistics
# Registers                                            : 2
 Flip-Flops                                            : 2

=========================================================================

=========================================================================
*                           Partition Report                            *
=========================================================================

Partition Implementation Status
-------------------------------

  No Partitions were found in this design.

-------------------------------

=========================================================================
*                            Design Summary                             *
=========================================================================

Top Level Output File Name         : processor.ngc

Primitive and Black Box Usage:
------------------------------
# BELS                             : 36
#      GND                         : 1
#      INV                         : 1
#      LUT2                        : 15
#      LUT3                        : 3
#      MUXCY                       : 7
#      VCC                         : 1
#      XORCY                       : 8
# FlipFlops/Latches                : 2
#      FDR                         : 2
# Clock Buffers                    : 1
#      BUFGP                       : 1
# IO Buffers                       : 9
#      IBUF                        : 1
#      OBUF                        : 8

Device utilization summary:
---------------------------

Selected Device : xa7a100tcsg324-2i 


Slice Logic Utilization: 
 Number of Slice Registers:               2  out of  126800     0%  
 Number of Slice LUTs:                   19  out of  63400     0%  
    Number used as Logic:                19  out of  63400     0%  

Slice Logic Distribution: 
 Number of LUT Flip Flop pairs used:     19
   Number with an unused Flip Flop:      17  out of     19    89%  
   Number with an unused LUT:             0  out of     19     0%  
   Number of fully used LUT-FF pairs:     2  out of     19    10%  
   Number of unique control sets:         1

IO Utilization: 
 Number of IOs:                          10
 Number of bonded IOBs:                  10  out of    210     4%  

Specific Feature Utilization:
 Number of BUFG/BUFGCTRLs:                1  out of     32     3%  

---------------------------
Partition Resource Summary:
---------------------------

  No Partitions were found in this design.

---------------------------


=========================================================================
Timing Report

NOTE: THESE TIMING NUMBERS ARE ONLY A SYNTHESIS ESTIMATE.
      FOR ACCURATE TIMING INFORMATION PLEASE REFER TO THE TRACE REPORT
      GENERATED AFTER PLACE-and-ROUTE.

Clock Information:
------------------
-----------------------------------+------------------------+-------+
Clock Signal                       | Clock buffer(FF name)  | Load  |
-----------------------------------+------------------------+-------+
clock                              | BUFGP                  | 2     |
-----------------------------------+------------------------+-------+

Asynchronous Control Signals Information:
----------------------------------------
No asynchronous control signals found in this design

Timing Summary:
---------------
Speed Grade: -2

   Minimum period: 1.233ns (Maximum Frequency: 811.326MHz)
   Minimum input arrival time before clock: 0.694ns
   Maximum output required time after clock: 2.715ns
   Maximum combinational path delay: No path found

Timing Details:
---------------
All values displayed in nanoseconds (ns)

=========================================================================
Timing constraint: Default period analysis for Clock 'clock'
  Clock period: 1.233ns (frequency: 811.326MHz)
  Total number of paths / destination ports: 3 / 2
-------------------------------------------------------------------------
Delay:               1.233ns (Levels of Logic = 1)
  Source:            program_counter/count_0 (FF)
  Destination:       program_counter/count_0 (FF)
  Source Clock:      clock rising
  Destination Clock: clock rising

  Data Path: program_counter/count_0 to program_counter/count_0
                                Gate     Net
    Cell:in->out      fanout   Delay   Delay  Logical Name (Net Name)
    ----------------------------------------  ------------
     FDR:C->Q             14   0.361   0.411  program_counter/count_0 (program_counter/count_0)
     INV:I->O              1   0.113   0.339  program_counter/Mcount_count_xor<0>11_INV_0 (Result<0>)
     FDR:D                     0.008          program_counter/count_0
    ----------------------------------------
    Total                      1.233ns (0.482ns logic, 0.751ns route)
                                       (39.1% logic, 60.9% route)

=========================================================================
Timing constraint: Default OFFSET IN BEFORE for Clock 'clock'
  Total number of paths / destination ports: 2 / 2
-------------------------------------------------------------------------
Offset:              0.694ns (Levels of Logic = 1)
  Source:            reset (PAD)
  Destination:       program_counter/count_0 (FF)
  Destination Clock: clock rising

  Data Path: reset to program_counter/count_0
                                Gate     Net
    Cell:in->out      fanout   Delay   Delay  Logical Name (Net Name)
    ----------------------------------------  ------------
     IBUF:I->O             2   0.001   0.344  reset_IBUF (reset_IBUF)
     FDR:R                     0.349          program_counter/count_0
    ----------------------------------------
    Total                      0.694ns (0.350ns logic, 0.344ns route)
                                       (50.4% logic, 49.6% route)

=========================================================================
Timing constraint: Default OFFSET OUT AFTER for Clock 'clock'
  Total number of paths / destination ports: 99 / 8
-------------------------------------------------------------------------
Offset:              2.715ns (Levels of Logic = 11)
  Source:            program_counter/count_0 (FF)
  Destination:       rd_out<7> (PAD)
  Source Clock:      clock rising

  Data Path: program_counter/count_0 to rd_out<7>
                                Gate     Net
    Cell:in->out      fanout   Delay   Delay  Logical Name (Net Name)
    ----------------------------------------  ------------
     FDR:C->Q             14   0.361   0.511  program_counter/count_0 (program_counter/count_0)
     LUT2:I0->O            1   0.097   0.339  instruction<6>1 (arithmetic_logic_unit/Mmux_Rd2_rs_lut<0>)
     MUXCY:CI->O           1   0.023   0.000  arithmetic_logic_unit/Mmux_Rd2_rs_cy<0> (arithmetic_logic_unit/Mmux_Rd2_rs_cy<0>)
     MUXCY:CI->O           1   0.023   0.000  arithmetic_logic_unit/Mmux_Rd2_rs_cy<1> (arithmetic_logic_unit/Mmux_Rd2_rs_cy<1>)
     MUXCY:CI->O           1   0.023   0.000  arithmetic_logic_unit/Mmux_Rd2_rs_cy<2> (arithmetic_logic_unit/Mmux_Rd2_rs_cy<2>)
     MUXCY:CI->O           1   0.023   0.000  arithmetic_logic_unit/Mmux_Rd2_rs_cy<3> (arithmetic_logic_unit/Mmux_Rd2_rs_cy<3>)
     MUXCY:CI->O           1   0.023   0.000  arithmetic_logic_unit/Mmux_Rd2_rs_cy<4> (arithmetic_logic_unit/Mmux_Rd2_rs_cy<4>)
     MUXCY:CI->O           1   0.023   0.000  arithmetic_logic_unit/Mmux_Rd2_rs_cy<5> (arithmetic_logic_unit/Mmux_Rd2_rs_cy<5>)
     MUXCY:CI->O           0   0.023   0.000  arithmetic_logic_unit/Mmux_Rd2_rs_cy<6> (arithmetic_logic_unit/Mmux_Rd2_rs_cy<6>)
     XORCY:CI->O           1   0.370   0.439  arithmetic_logic_unit/Mmux_Rd2_rs_xor<7> (arithmetic_logic_unit/Mmux_Rd2_split<7>)
     LUT2:I0->O            1   0.097   0.339  arithmetic_logic_unit/Mmux_Rd381 (rd_out_7_OBUF)
     OBUF:I->O                 0.000          rd_out_7_OBUF (rd_out<7>)
    ----------------------------------------
    Total                      2.715ns (1.086ns logic, 1.629ns route)
                                       (40.0% logic, 60.0% route)

=========================================================================

Cross Clock Domains Report:
--------------------------

Clock to Setup on destination clock clock
---------------+---------+---------+---------+---------+
               | Src:Rise| Src:Fall| Src:Rise| Src:Fall|
Source Clock   |Dest:Rise|Dest:Rise|Dest:Fall|Dest:Fall|
---------------+---------+---------+---------+---------+
clock          |    1.233|         |         |         |
---------------+---------+---------+---------+---------+

=========================================================================


Total REAL time to Xst completion: 36.00 secs
Total CPU time to Xst completion: 35.94 secs
 
--> 

Total memory usage is 5028088 kilobytes

Number of errors   :    0 (   0 filtered)
Number of warnings :   60 (   0 filtered)
Number of infos    :    2 (   0 filtered)

